<?xml version="1.0" encoding="UTF-8"?>
<testsuite name="TestSuite" time="62.731" tests="1" errors="0" skipped="0" failures="1">
  <properties>
[...]
</properties>
  <testcase name="feature" classname="com.kfm.amaysim_demo.scripts.my_amaysim.my_settings.TestMySettings" time="62.731">
    <failure message="java.lang.AssertionError: Expected: [true] is not equal to Actual: [false]" type="cucumber.runtime.CucumberException"><![CDATA[cucumber.runtime.CucumberException: java.lang.AssertionError: Expected: [true] is not equal to Actual: [false]
	at cucumber.api.testng.TestNGCucumberRunner.runCucumber(TestNGCucumberRunner.java:69)
	at cucumber.api.testng.AbstractTestNGCucumberTests.feature(AbstractTestNGCucumberTests.java:21)
	at sun.reflect.NativeMethodAccessorImpl.invoke0(Native Method)
	at sun.reflect.NativeMethodAccessorImpl.invoke(NativeMethodAccessorImpl.java:57)
	at sun.reflect.DelegatingMethodAccessorImpl.invoke(DelegatingMethodAccessorImpl.java:43)
	at java.lang.reflect.Method.invoke(Method.java:606)
	at org.testng.internal.MethodInvocationHelper.invokeMethod(MethodInvocationHelper.java:84)
	at org.testng.internal.Invoker.invokeMethod(Invoker.java:714)
	at org.testng.internal.Invoker.invokeTestMethod(Invoker.java:901)
	at org.testng.internal.Invoker.invokeTestMethods(Invoker.java:1231)
	at org.testng.internal.TestMethodWorker.invokeTestMethods(TestMethodWorker.java:127)
	at org.testng.internal.TestMethodWorker.run(TestMethodWorker.java:111)
	at org.testng.TestRunner.privateRun(TestRunner.java:767)
	at org.testng.TestRunner.run(TestRunner.java:617)
	at org.testng.SuiteRunner.runTest(SuiteRunner.java:348)
	at org.testng.SuiteRunner.runSequentially(SuiteRunner.java:343)
	at org.testng.SuiteRunner.privateRun(SuiteRunner.java:305)
	at org.testng.SuiteRunner.run(SuiteRunner.java:254)
	at org.testng.SuiteRunnerWorker.runSuite(SuiteRunnerWorker.java:52)
	at org.testng.SuiteRunnerWorker.run(SuiteRunnerWorker.java:86)
	at org.testng.TestNG.runSuitesSequentially(TestNG.java:1224)
	at org.testng.TestNG.runSuitesLocally(TestNG.java:1149)
	at org.testng.TestNG.run(TestNG.java:1057)
	at org.apache.maven.surefire.testng.TestNGExecutor.run(TestNGExecutor.java:295)
	at org.apache.maven.surefire.testng.TestNGXmlTestSuite.execute(TestNGXmlTestSuite.java:84)
	at org.apache.maven.surefire.testng.TestNGProvider.invoke(TestNGProvider.java:90)
	at org.apache.maven.surefire.booter.ForkedBooter.invokeProviderInSameClassLoader(ForkedBooter.java:203)
	at org.apache.maven.surefire.booter.ForkedBooter.runSuitesInProcess(ForkedBooter.java:155)
	at org.apache.maven.surefire.booter.ForkedBooter.main(ForkedBooter.java:103)
Caused by: java.lang.AssertionError: Expected: [true] is not equal to Actual: [false]
	at org.testng.Assert.fail(Assert.java:94)
	at com.kfm.amaysim_demo.exceptions.AutomationFrameworkException.<init>(AutomationFrameworkException.java:11)
	at com.kfm.amaysim_demo.utilities.PageUtility.assertEquals(PageUtility.java:155)
	at com.kfm.amaysim_demo.utilities.VerificationUtility.assertEquals(VerificationUtility.java:75)
	at com.kfm.amaysim_demo.base.BaseTest.assertEquals(BaseTest.java:148)
	at com.kfm.amaysim_demo.scripts.my_amaysim.my_settings.MS008_Auto_Recharge.theStateShouldBeWhateverItIsInIfDisabledItShouldBeOnNeIfNotThenOnYes(MS008_Auto_Recharge.java:62)
	at ✽.Then the state should be whatever it is in. (if disabled, it should be on No, if not, then on Yes)(ms008_auto_recharge.feature:34)
]]></failure>
    <system-out><![CDATA[@my_settings @ms008
Feature: MS008 - My Settings - Auto Recharge

  @ms008_01
  Scenario Outline: The user edits his/her Auto Recharge settings                      &amp#27;[90m# ms008_auto_recharge.feature:10&amp#27;[0m
    &amp#27;[36mAnd &amp#27;[0m&amp#27;[36mthe user changes "<balance_limit>" and "<recharge_sim>"&amp#27;[0m
    &amp#27;[36mThen &amp#27;[0m&amp#27;[36mthe Auto-Recharge should be updated to "<balance_limit>" and "<recharge_sim>"&amp#27;[0m

    Examples: 

  Background:                                                                             &amp#27;[90m# ms008_auto_recharge.feature:4&amp#27;[0m
    &amp#27;[32mGiven &amp#27;[0m&amp#27;[32mthat the user wants to check out his Auto Recharge settings in My Settings menu&amp#27;[0m &amp#27;[90m# MS008_Auto_Recharge.thatTheUserWantsToCheckOutHisAutoRechargeSettingsInMySettingsMenu()&amp#27;[0m
    &amp#27;[32mWhen &amp#27;[0m&amp#27;[32mthe user clicks on edit Auto-Recharge&amp#27;[0m                                            &amp#27;[90m# MS008_Auto_Recharge.theUserClicksOnEditAutoRecharge()&amp#27;[0m

  @ms008 @ms008_01 @my_settings
  Scenario Outline: The user edits his/her Auto Recharge settings &amp#27;[90m# ms008_auto_recharge.feature:17&amp#27;[0m
    &amp#27;[32mAnd &amp#27;[0m&amp#27;[32mthe user changes "&amp#27;[0m&amp#27;[32m&amp#27;[1m$10&amp#27;[0m&amp#27;[32m" and "&amp#27;[0m&amp#27;[32m&amp#27;[1m$50&amp#27;[0m&amp#27;[32m"&amp#27;[0m                          &amp#27;[90m# MS008_Auto_Recharge.theUserChangesAnd(String,String)&amp#27;[0m
    &amp#27;[32mThen &amp#27;[0m&amp#27;[32mthe Auto-Recharge should be updated to "&amp#27;[0m&amp#27;[32m&amp#27;[1m$10&amp#27;[0m&amp#27;[32m" and "&amp#27;[0m&amp#27;[32m&amp#27;[1m$50&amp#27;[0m&amp#27;[32m"&amp#27;[0m   &amp#27;[90m# MS008_Auto_Recharge.theAutoRechargeShouldBeUpdatedToAnd(String,String)&amp#27;[0m

  Background:                                                                             &amp#27;[90m# ms008_auto_recharge.feature:4&amp#27;[0m
    &amp#27;[32mGiven &amp#27;[0m&amp#27;[32mthat the user wants to check out his Auto Recharge settings in My Settings menu&amp#27;[0m &amp#27;[90m# MS008_Auto_Recharge.thatTheUserWantsToCheckOutHisAutoRechargeSettingsInMySettingsMenu()&amp#27;[0m
    &amp#27;[32mWhen &amp#27;[0m&amp#27;[32mthe user clicks on edit Auto-Recharge&amp#27;[0m                                            &amp#27;[90m# MS008_Auto_Recharge.theUserClicksOnEditAutoRecharge()&amp#27;[0m

  @ms008_02
  Scenario: The user disables his/her Auto Recharge settings &amp#27;[90m# ms008_auto_recharge.feature:20&amp#27;[0m
    &amp#27;[32mAnd &amp#27;[0m&amp#27;[32mthe user clicks on "&amp#27;[0m&amp#27;[32m&amp#27;[1mNo&amp#27;[0m&amp#27;[32m"&amp#27;[0m                              &amp#27;[90m# MS008_Auto_Recharge.theUserClicksOn(String)&amp#27;[0m
    &amp#27;[32mThen &amp#27;[0m&amp#27;[32mthe Auto-Recharge should be disabled&amp#27;[0m                &amp#27;[90m# MS008_Auto_Recharge.theAutoRechargeShouldBeDisabled()&amp#27;[0m

  Background:                                                                             &amp#27;[90m# ms008_auto_recharge.feature:4&amp#27;[0m
    &amp#27;[32mGiven &amp#27;[0m&amp#27;[32mthat the user wants to check out his Auto Recharge settings in My Settings menu&amp#27;[0m &amp#27;[90m# MS008_Auto_Recharge.thatTheUserWantsToCheckOutHisAutoRechargeSettingsInMySettingsMenu()&amp#27;[0m
    &amp#27;[32mWhen &amp#27;[0m&amp#27;[32mthe user clicks on edit Auto-Recharge&amp#27;[0m                                            &amp#27;[90m# MS008_Auto_Recharge.theUserClicksOnEditAutoRecharge()&amp#27;[0m

  ##
  # Bugs:
  #
  # 1. When Auto Recharge is disabled (No) when clicking on edit
  #    link text, it is set to 'Yes' as default
  ##
  @ms008_03
  Scenario: The user plans to edit his/her Auto Recharge settings then changes his/her mind            &amp#27;[90m# ms008_auto_recharge.feature:32&amp#27;[0m
    &amp#27;[31mThen &amp#27;[0m&amp#27;[31mthe state should be whatever it is in. (if disabled, it should be on No, if not, then on Yes)&amp#27;[0m &amp#27;[90m# MS008_Auto_Recharge.theStateShouldBeWhateverItIsInIfDisabledItShouldBeOnNeIfNotThenOnYes()&amp#27;[0m
      &amp#27;[31mjava.lang.AssertionError: Expected: [true] is not equal to Actual: [false]
      	at org.testng.Assert.fail(Assert.java:94)
      	at com.kfm.amaysim_demo.exceptions.AutomationFrameworkException.<init>(AutomationFrameworkException.java:11)
      	at com.kfm.amaysim_demo.utilities.PageUtility.assertEquals(PageUtility.java:155)
      	at com.kfm.amaysim_demo.utilities.VerificationUtility.assertEquals(VerificationUtility.java:75)
      	at com.kfm.amaysim_demo.base.BaseTest.assertEquals(BaseTest.java:148)
      	at com.kfm.amaysim_demo.scripts.my_amaysim.my_settings.MS008_Auto_Recharge.theStateShouldBeWhateverItIsInIfDisabledItShouldBeOnNeIfNotThenOnYes(MS008_Auto_Recharge.java:62)
      	at ?.Then the state should be whatever it is in. (if disabled, it should be on No, if not, then on Yes)(ms008_auto_recharge.feature:34)
      &amp#27;[0m

  Background:                                                                             &amp#27;[90m# ms008_auto_recharge.feature:4&amp#27;[0m
    &amp#27;[32mGiven &amp#27;[0m&amp#27;[32mthat the user wants to check out his Auto Recharge settings in My Settings menu&amp#27;[0m &amp#27;[90m# MS008_Auto_Recharge.thatTheUserWantsToCheckOutHisAutoRechargeSettingsInMySettingsMenu()&amp#27;[0m
    &amp#27;[32mWhen &amp#27;[0m&amp#27;[32mthe user clicks on edit Auto-Recharge&amp#27;[0m                                            &amp#27;[90m# MS008_Auto_Recharge.theUserClicksOnEditAutoRecharge()&amp#27;[0m

  @ms008_04
  Scenario: The user cancels Auto-Recharge settings edit   &amp#27;[90m# ms008_auto_recharge.feature:37&amp#27;[0m
    &amp#27;[32mAnd &amp#27;[0m&amp#27;[32mclicks on cancel button&amp#27;[0m                            &amp#27;[90m# MS008_Auto_Recharge.clicksOnCancelButton()&amp#27;[0m
    &amp#27;[32mThen &amp#27;[0m&amp#27;[32mthe user should be redirected to My Settings menu&amp#27;[0m &amp#27;[90m# MS008_Auto_Recharge.theUserShouldBeRedirectedToMySettingsMenu()&amp#27;[0m
]]></system-out>
    <system-err><![CDATA[Starting ChromeDriver 2.27.440174 (e97a722caafc2d3a8b807ee115bfb307f7d2cfd9) on port 46801
Only local connections are allowed.
]]></system-err>
  </testcase>
</testsuite>