<?xml version="1.0" encoding="UTF-8"?>
<!-- Generated by org.testng.reporters.JUnitXMLReporter -->
<testsuite hostname="SST-MBL311" name="MySettings" tests="1" failures="1" timestamp="12 Feb 2017 16:22:33 GMT" time="63.365" errors="0">
  <testcase name="feature" time="62.722" classname="com.kfm.amaysim_demo.scripts.my_amaysim.my_settings.TestMySettings">
    <failure type="cucumber.runtime.CucumberException" message="java.lang.AssertionError: Expected: [true] is not equal to Actual: [false]">
      <![CDATA[cucumber.runtime.CucumberException: java.lang.AssertionError: Expected: [true] is not equal to Actual: [false]
	at cucumber.api.testng.TestNGCucumberRunner.runCucumber(TestNGCucumberRunner.java:69)
	at cucumber.api.testng.AbstractTestNGCucumberTests.feature(AbstractTestNGCucumberTests.java:21)
Caused by: java.lang.AssertionError: Expected: [true] is not equal to Actual: [false]
	at com.kfm.amaysim_demo.exceptions.AutomationFrameworkException.<init>(AutomationFrameworkException.java:11)
	at com.kfm.amaysim_demo.utilities.PageUtility.assertEquals(PageUtility.java:155)
	at com.kfm.amaysim_demo.utilities.VerificationUtility.assertEquals(VerificationUtility.java:75)
	at com.kfm.amaysim_demo.base.BaseTest.assertEquals(BaseTest.java:148)
	at com.kfm.amaysim_demo.scripts.my_amaysim.my_settings.MS008_Auto_Recharge.theStateShouldBeWhateverItIsInIfDisabledItShouldBeOnNeIfNotThenOnYes(MS008_Auto_Recharge.java:62)
	at ✽.Then the state should be whatever it is in. (if disabled, it should be on No, if not, then on Yes)(ms008_auto_recharge.feature:34)
... Removed 28 stack frames]]>
    </failure>
  </testcase> <!-- feature -->
</testsuite> <!-- MySettings -->
